<?xml version="1.0" encoding="UTF-8"?>
<testng-results ignored="0" total="2" passed="2" failed="0" skipped="0">
  <reporter-output>
    <line>
      <![CDATA[login]]>
    </line>
    <line>
      <![CDATA[CreateCustomer]]>
    </line>
    <line>
      <![CDATA[logout]]>
    </line>
    <line>
      <![CDATA[login]]>
    </line>
    <line>
      <![CDATA[deleteCustomer]]>
    </line>
    <line>
      <![CDATA[logout]]>
    </line>
  </reporter-output>
  <suite started-at="2024-09-26T13:04:59 IST" name="Suite" finished-at="2024-09-26T13:04:59 IST" duration-ms="34">
    <groups>
    </groups>
    <test started-at="2024-09-26T13:04:59 IST" name="Test" finished-at="2024-09-26T13:04:59 IST" duration-ms="34">
      <class name="com.actitime.generic.CustomerModule">
        <test-method is-config="true" signature="Login()[pri:0, instance:com.actitime.generic.CustomerModule@593aaf41]" started-at="2024-09-26T13:04:59 IST" name="Login" finished-at="2024-09-26T13:04:59 IST" duration-ms="4" status="PASS">
          <reporter-output>
            <line>
              <![CDATA[login]]>
            </line>
          </reporter-output>
        </test-method> <!-- Login -->
        <test-method signature="createCustomer()[pri:0, instance:com.actitime.generic.CustomerModule@593aaf41]" started-at="2024-09-26T13:04:59 IST" name="createCustomer" finished-at="2024-09-26T13:04:59 IST" duration-ms="6" status="PASS">
          <reporter-output>
            <line>
              <![CDATA[CreateCustomer]]>
            </line>
          </reporter-output>
        </test-method> <!-- createCustomer -->
        <test-method is-config="true" signature="Logout()[pri:0, instance:com.actitime.generic.CustomerModule@593aaf41]" started-at="2024-09-26T13:04:59 IST" name="Logout" finished-at="2024-09-26T13:04:59 IST" duration-ms="1" status="PASS">
          <reporter-output>
            <line>
              <![CDATA[logout]]>
            </line>
          </reporter-output>
        </test-method> <!-- Logout -->
        <test-method is-config="true" signature="Login()[pri:0, instance:com.actitime.generic.CustomerModule@593aaf41]" started-at="2024-09-26T13:04:59 IST" name="Login" finished-at="2024-09-26T13:04:59 IST" duration-ms="0" status="PASS">
          <reporter-output>
            <line>
              <![CDATA[login]]>
            </line>
          </reporter-output>
        </test-method> <!-- Login -->
        <test-method signature="deleteCustomer()[pri:0, instance:com.actitime.generic.CustomerModule@593aaf41]" started-at="2024-09-26T13:04:59 IST" name="deleteCustomer" finished-at="2024-09-26T13:04:59 IST" duration-ms="1" status="PASS">
          <reporter-output>
            <line>
              <![CDATA[deleteCustomer]]>
            </line>
          </reporter-output>
        </test-method> <!-- deleteCustomer -->
        <test-method is-config="true" signature="Logout()[pri:0, instance:com.actitime.generic.CustomerModule@593aaf41]" started-at="2024-09-26T13:04:59 IST" name="Logout" finished-at="2024-09-26T13:04:59 IST" duration-ms="0" status="PASS">
          <reporter-output>
            <line>
              <![CDATA[logout]]>
            </line>
          </reporter-output>
        </test-method> <!-- Logout -->
      </class> <!-- com.actitime.generic.CustomerModule -->
    </test> <!-- Test -->
  </suite> <!-- Suite -->
</testng-results>
